Arguments: 
  /usr/local/bin/node /usr/local/bin/yarn add -D webpack-cli

PATH: 
  /Users/mac/Documents/project/bysj/20220125/miniprogram-cli/node_modules/.bin:/Users/mac/Documents/project/bysj/20220125/node_modules/.bin:/Users/mac/Documents/project/bysj/node_modules/.bin:/Users/mac/Documents/project/node_modules/.bin:/Users/mac/Documents/node_modules/.bin:/Users/mac/node_modules/.bin:/Users/node_modules/.bin:/node_modules/.bin:/usr/local/lib/node_modules/npm/node_modules/@npmcli/run-script/lib/node-gyp-bin:/usr/local/bin:/usr/bin:/bin:/usr/sbin:/sbin

Yarn version: 
  1.22.10

Node version: 
  12.22.3

Platform: 
  darwin x64

Trace: 
  Error: ENOENT: no such file or directory, copyfile '/Users/mac/Library/Caches/Yarn/v6/npm-safe-buffer-5.1.2-991ec69d296e0313747d59bdfd2b745c35f8828d-integrity/node_modules/safe-buffer/README.md' -> '/Users/mac/Documents/project/bysj/20220125/miniprogram-cli/node_modules/readable-stream/node_modules/safe-buffer/README.md'

npm manifest: 
  {
    "name": "miniprogram-cli",
    "version": "1.0.0",
    "description": "miniprogram-cli",
    "author": "czero1995",
    "main": "webpack.config.js",
    "scripts": {
      "dev": "webpack",
      "img": "webpack --config webpack.compress",
      "create": "node ./cli",
      "test:watch": "jest --watch",
      "test": "jest --coverage",
      "precommit": "lint-staged --allow-empty"
    },
    "husky": {
      "hooks": {
        "pre-commit": "lint-staged"
      }
    },
    "lint-staged": {
      "*.{js,wxss}": [
        "eslint --fix",
        "prettier --write"
      ]
    },
    "devDependencies": {
      "@babel/plugin-transform-modules-commonjs": "^7.10.4",
      "@babel/preset-env": "^7.11.0",
      "babel-eslint": "^10.1.0",
      "chalk": "^4.1.0",
      "css-loader": "^3.5.3",
      "eslint": "^6.8.0",
      "figlet": "^1.5.0",
      "file-loader": "^6.0.0",
      "fs": "^0.0.1-security",
      "globby": "^9.2.0",
      "husky": "^4.2.5",
      "image-webpack-loader": "^6.0.0",
      "jest": "^26.4.2",
      "lint-staged": "^10.2.7",
      "mini-css-extract-plugin": "^0.4.5",
      "node-sass": "^4.14.1",
      "prettier": "^2.0.5",
      "sass-loader": "^7.3.1",
      "url-loader": "^4.1.0",
      "webpack": "^4.29.6",
      "webpack-cli": "^3.3.11",
      "webpack-fix-style-only-entries": "^0.2.1"
    },
    "dependencies": {
      "inquirer": "^8.2.0",
      "tdesign-miniprogram": "^0.5.2"
    }
  }

yarn manifest: 
  No manifest

Lockfile: 
  # THIS IS AN AUTOGENERATED FILE. DO NOT EDIT THIS FILE DIRECTLY.
  # yarn lockfile v1
  
  
  "dayjs@^1.10.7":
    "integrity" "sha512-P6twpd70BcPK34K26uJ1KT3wlhpuOAPoMwJzpsIWUxHZ7wpmbdZL/hQqBDfz7hGurYSa5PhzdhDHtt319hL3ig=="
    "resolved" "https://registry.npmmirror.com/dayjs/-/dayjs-1.10.7.tgz"
    "version" "1.10.7"
  
  "tdesign-miniprogram@^0.5.2":
    "integrity" "sha512-9O1CWgrdJr7qvPlrBjCuun8Uk8uuEWtcV0VIp+D3fHGMoUS+0cPoN1CQiY6CJbuaBbdSZZ9xS5SKvpgb34p7mg=="
    "resolved" "https://registry.npmmirror.com/tdesign-miniprogram/-/tdesign-miniprogram-0.5.2.tgz"
    "version" "0.5.2"
    dependencies:
      "dayjs" "^1.10.7"
